<?xml version="1.0" encoding="UTF-8"?>
<!-- Generated by org.testng.reporters.JUnitXMLReporter -->
<testsuite ignored="1" hostname="DESKTOP-APDGIAT" failures="0" tests="2" name="Test1" time="0.064" errors="0" timestamp="28 Apr 2024 05:33:56 GMT">
  <testcase classname="testngday2.Testapp" name="OpenUrl" time="0.017"/>
  <testcase classname="testngday2.Testapp" name="Loginpage" time="0.004"/>
  <testcase classname="testngday2.Testapp" name="GetTitle" time="0.0">
    <ignored/>
  </testcase> <!-- GetTitle -->
</testsuite> <!-- Test1 -->
