<?xml version="1.0" encoding="UTF-8"?>
<testng-results ignored="0" total="3" passed="3" failed="0" skipped="0">
  <reporter-output>
  </reporter-output>
  <suite started-at="2024-04-28T05:48:53Z" name="Suite" finished-at="2024-04-28T05:49:01Z" duration-ms="7424">
    <groups>
    </groups>
    <test started-at="2024-04-28T05:48:53Z" name="test" finished-at="2024-04-28T05:49:01Z" duration-ms="7424">
      <class name="testngday2.Testapp">
        <test-method signature="OpenUrl(java.lang.String)[pri:0, instance:testngday2.Testapp@69930714]" started-at="2024-04-28T11:18:53Z" name="OpenUrl" finished-at="2024-04-28T11:18:59Z" duration-ms="5769" status="PASS">
          <params>
            <param index="0">
              <value>
                <![CDATA[https://automationexercise.com/]]>
              </value>
            </param>
          </params>
          <reporter-output>
          </reporter-output>
        </test-method> <!-- OpenUrl -->
        <test-method signature="GetTitle()[pri:0, instance:testngday2.Testapp@69930714]" started-at="2024-04-28T11:18:59Z" name="GetTitle" finished-at="2024-04-28T11:18:59Z" duration-ms="15" status="PASS">
          <reporter-output>
          </reporter-output>
        </test-method> <!-- GetTitle -->
        <test-method signature="Loginpage()[pri:0, instance:testngday2.Testapp@69930714]" started-at="2024-04-28T11:18:59Z" name="Loginpage" finished-at="2024-04-28T11:19:01Z" duration-ms="1608" status="PASS">
          <reporter-output>
          </reporter-output>
        </test-method> <!-- Loginpage -->
      </class> <!-- testngday2.Testapp -->
    </test> <!-- test -->
  </suite> <!-- Suite -->
</testng-results>
